<?xml version="1.0" encoding="UTF-8"?>
<!-- Generated by org.testng.reporters.JUnitXMLReporter -->
<testsuite ignored="12" hostname="DESKTOP-8SKARJ9" failures="0" tests="1" name="Default test" time="8.264" errors="0" timestamp="2022-03-28T03:43:10 IST">
  <testcase classname="com.bookswagon.qa.testcases.HomePageTest" name="test_HomePageTitle" time="0.123"/>
  <testcase classname="com.bookswagon.qa.testcases.HomePageTest" name="test_searchBookName" time="0.0">
    <ignored/>
  </testcase> <!-- test_searchBookName -->
  <testcase classname="com.bookswagon.qa.testcases.HomePageTest" name="test_ClickOn_Books" time="0.0">
    <ignored/>
  </testcase> <!-- test_ClickOn_Books -->
  <testcase classname="com.bookswagon.qa.testcases.HomePageTest" name="test_ClickOn_BestSeller" time="0.0">
    <ignored/>
  </testcase> <!-- test_ClickOn_BestSeller -->
  <testcase classname="com.bookswagon.qa.testcases.HomePageTest" name="test_ClickOn_TextBook" time="0.0">
    <ignored/>
  </testcase> <!-- test_ClickOn_TextBook -->
  <testcase classname="com.bookswagon.qa.testcases.HomePageTest" name="test_ClickOn_FeaturedAuthors" time="0.0">
    <ignored/>
  </testcase> <!-- test_ClickOn_FeaturedAuthors -->
  <testcase classname="com.bookswagon.qa.testcases.HomePageTest" name="test_ClickOn_NewArrivals" time="0.0">
    <ignored/>
  </testcase> <!-- test_ClickOn_NewArrivals -->
  <testcase classname="com.bookswagon.qa.testcases.HomePageTest" name="test_ScrollUsingJSE" time="0.0">
    <ignored/>
  </testcase> <!-- test_ScrollUsingJSE -->
  <testcase classname="com.bookswagon.qa.testcases.HomePageTest" name="test_CorrectUserName_IsDisplayed" time="0.0">
    <ignored/>
  </testcase> <!-- test_CorrectUserName_IsDisplayed -->
  <testcase classname="com.bookswagon.qa.testcases.HomePageTest" name="test_HomeButton" time="0.0">
    <ignored/>
  </testcase> <!-- test_HomeButton -->
  <testcase classname="com.bookswagon.qa.testcases.HomePageTest" name="test_ClickOn_AwardWinners" time="0.0">
    <ignored/>
  </testcase> <!-- test_ClickOn_AwardWinners -->
  <testcase classname="com.bookswagon.qa.testcases.HomePageTest" name="test_ClickOn_PreOrder" time="0.0">
    <ignored/>
  </testcase> <!-- test_ClickOn_PreOrder -->
  <testcase classname="com.bookswagon.qa.testcases.HomePageTest" name="test_SelectBookByCategory" time="0.0">
    <ignored/>
  </testcase> <!-- test_SelectBookByCategory -->
</testsuite> <!-- Default test -->
