<?xml version="1.0" encoding="UTF-8"?>
<!-- Generated by org.testng.reporters.JUnitXMLReporter -->
<testsuite ignored="0" hostname="DESKTOP-8SKARJ9" failures="0" tests="28" name="Test" time="225.143" errors="0" timestamp="2022-03-28T03:47:09 IST">
  <testcase classname="com.bookswagon.qa.testcases.ProfileTest" name="test_MyProfilePage" time="0.592"/>
  <testcase classname="com.bookswagon.qa.testcases.ProfileTest" name="test_MyOrdersPage" time="0.767"/>
  <testcase classname="com.bookswagon.qa.testcases.ProfileTest" name="test_MyWishlistPage" time="1.057"/>
  <testcase classname="com.bookswagon.qa.testcases.ProfileTest" name="test_MyGiftCenterPage" time="0.613"/>
  <testcase classname="com.bookswagon.qa.testcases.ProfileTest" name="test_ChangeAddress" time="0.55"/>
  <testcase classname="com.bookswagon.qa.testcases.ProfileTest" name="test_ChangePwd" time="0.579"/>
  <testcase classname="com.bookswagon.qa.testcases.HomePageTest" name="test_HomePageTitle" time="0.016"/>
  <testcase classname="com.bookswagon.qa.testcases.HomePageTest" name="test_CorrectUserName_IsDisplayed" time="0.094"/>
  <testcase classname="com.bookswagon.qa.testcases.HomePageTest" name="test_ClickOn_Books" time="0.131"/>
  <testcase classname="com.bookswagon.qa.testcases.HomePageTest" name="test_ClickOn_NewArrivals" time="0.716"/>
  <testcase classname="com.bookswagon.qa.testcases.HomePageTest" name="test_ClickOn_PreOrder" time="1.009"/>
  <testcase classname="com.bookswagon.qa.testcases.HomePageTest" name="test_ClickOn_BestSeller" time="0.694"/>
  <testcase classname="com.bookswagon.qa.testcases.HomePageTest" name="test_ClickOn_TextBook" time="0.736"/>
  <testcase classname="com.bookswagon.qa.testcases.HomePageTest" name="test_ClickOn_AwardWinners" time="0.993"/>
  <testcase classname="com.bookswagon.qa.testcases.HomePageTest" name="test_ClickOn_FeaturedAuthors" time="1.288"/>
  <testcase classname="com.bookswagon.qa.testcases.HomePageTest" name="test_ScrollUsingJSE" time="20.296"/>
  <testcase classname="com.bookswagon.qa.testcases.HomePageTest" name="test_SelectBookByCategory" time="1.219"/>
  <testcase classname="com.bookswagon.qa.testcases.HomePageTest" name="test_searchBookName" time="1.157"/>
  <testcase classname="com.bookswagon.qa.testcases.HomePageTest" name="test_HomeButton" time="3.506"/>
  <testcase classname="com.bookswagon.qa.testcases.LoginPageTest" name="multipleLoginTest" time="1.363"/>
  <testcase classname="com.bookswagon.qa.testcases.LoginPageTest" name="multipleLoginTest" time="1.468"/>
  <testcase classname="com.bookswagon.qa.testcases.LoginPageTest" name="multipleLoginTest" time="1.671"/>
  <testcase classname="com.bookswagon.qa.testcases.LoginPageTest" name="multipleLoginTest" time="1.438"/>
  <testcase classname="com.bookswagon.qa.testcases.LoginPageTest" name="multipleLoginTest" time="1.797"/>
  <testcase classname="com.bookswagon.qa.testcases.LoginPageTest" name="testLogin" time="1.481"/>
  <testcase classname="com.bookswagon.qa.testcases.LoginPageTest" name="testPageTitle" time="0.011"/>
  <testcase classname="com.bookswagon.qa.testcases.LogoutPageTest" name="test_Logout" time="0.785"/>
  <testcase classname="com.bookswagon.qa.testcases.OrderTest" name="test_PlaceOrder" time="1.869"/>
</testsuite> <!-- Test -->
