<?xml version="1.0" encoding="UTF-8"?>
<testng-results ignored="0" total="28" passed="28" failed="0" skipped="0">
  <reporter-output>
  </reporter-output>
  <suite started-at="2022-03-28T03:43:24 IST" name="Suite" finished-at="2022-03-28T03:47:09 IST" duration-ms="225143">
    <groups>
      <group name="Functional">
        <method signature="HomePageTest.test_ClickOn_BestSeller()[pri:6, instance:com.bookswagon.qa.testcases.HomePageTest@4278284b]" name="test_ClickOn_BestSeller" class="com.bookswagon.qa.testcases.HomePageTest"/>
        <method signature="HomePageTest.test_ClickOn_Books()[pri:3, instance:com.bookswagon.qa.testcases.HomePageTest@4278284b]" name="test_ClickOn_Books" class="com.bookswagon.qa.testcases.HomePageTest"/>
        <method signature="HomePageTest.test_ClickOn_NewArrivals()[pri:4, instance:com.bookswagon.qa.testcases.HomePageTest@4278284b]" name="test_ClickOn_NewArrivals" class="com.bookswagon.qa.testcases.HomePageTest"/>
        <method signature="HomePageTest.test_ClickOn_PreOrder()[pri:5, instance:com.bookswagon.qa.testcases.HomePageTest@4278284b]" name="test_ClickOn_PreOrder" class="com.bookswagon.qa.testcases.HomePageTest"/>
        <method signature="HomePageTest.test_CorrectUserName_IsDisplayed()[pri:2, instance:com.bookswagon.qa.testcases.HomePageTest@4278284b]" name="test_CorrectUserName_IsDisplayed" class="com.bookswagon.qa.testcases.HomePageTest"/>
        <method signature="HomePageTest.test_HomePageTitle()[pri:1, instance:com.bookswagon.qa.testcases.HomePageTest@4278284b]" name="test_HomePageTitle" class="com.bookswagon.qa.testcases.HomePageTest"/>
      </group> <!-- Functional -->
      <group name="System">
        <method signature="OrderTest.test_PlaceOrder()[pri:1, instance:com.bookswagon.qa.testcases.OrderTest@6057aebb]" name="test_PlaceOrder" class="com.bookswagon.qa.testcases.OrderTest"/>
      </group> <!-- System -->
    </groups>
    <test started-at="2022-03-28T03:43:24 IST" name="Test" finished-at="2022-03-28T03:47:09 IST" duration-ms="225143">
      <class name="com.bookswagon.qa.testcases.LogoutPageTest">
        <test-method is-config="true" signature="setUp()[pri:0, instance:com.bookswagon.qa.testcases.LogoutPageTest@3370f42]" started-at="2022-03-28T03:46:54 IST" name="setUp" finished-at="2022-03-28T03:46:59 IST" duration-ms="5557" status="PASS">
          <reporter-output>
          </reporter-output>
        </test-method> <!-- setUp -->
        <test-method signature="test_Logout()[pri:0, instance:com.bookswagon.qa.testcases.LogoutPageTest@3370f42]" started-at="2022-03-28T03:46:59 IST" name="test_Logout" finished-at="2022-03-28T03:47:00 IST" duration-ms="785" status="PASS">
          <reporter-output>
          </reporter-output>
        </test-method> <!-- test_Logout -->
        <test-method is-config="true" signature="tearDown()[pri:0, instance:com.bookswagon.qa.testcases.LogoutPageTest@3370f42]" started-at="2022-03-28T03:47:00 IST" name="tearDown" finished-at="2022-03-28T03:47:01 IST" duration-ms="759" status="PASS">
          <reporter-output>
          </reporter-output>
        </test-method> <!-- tearDown -->
      </class> <!-- com.bookswagon.qa.testcases.LogoutPageTest -->
      <class name="com.bookswagon.qa.testcases.HomePageTest">
        <test-method is-config="true" signature="setUp()[pri:0, instance:com.bookswagon.qa.testcases.HomePageTest@4278284b]" started-at="2022-03-28T03:44:10 IST" name="setUp" finished-at="2022-03-28T03:44:16 IST" duration-ms="5459" status="PASS">
          <reporter-output>
          </reporter-output>
        </test-method> <!-- setUp -->
        <test-method signature="test_HomePageTitle()[pri:1, instance:com.bookswagon.qa.testcases.HomePageTest@4278284b]" started-at="2022-03-28T03:44:16 IST" name="test_HomePageTitle" finished-at="2022-03-28T03:44:16 IST" duration-ms="16" status="PASS">
          <reporter-output>
          </reporter-output>
        </test-method> <!-- test_HomePageTitle -->
        <test-method is-config="true" signature="tearDown()[pri:0, instance:com.bookswagon.qa.testcases.HomePageTest@4278284b]" started-at="2022-03-28T03:44:16 IST" name="tearDown" finished-at="2022-03-28T03:44:16 IST" duration-ms="783" status="PASS">
          <reporter-output>
          </reporter-output>
        </test-method> <!-- tearDown -->
        <test-method is-config="true" signature="setUp()[pri:0, instance:com.bookswagon.qa.testcases.HomePageTest@4278284b]" started-at="2022-03-28T03:44:16 IST" name="setUp" finished-at="2022-03-28T03:44:22 IST" duration-ms="5217" status="PASS">
          <reporter-output>
          </reporter-output>
        </test-method> <!-- setUp -->
        <test-method signature="test_CorrectUserName_IsDisplayed()[pri:2, instance:com.bookswagon.qa.testcases.HomePageTest@4278284b]" started-at="2022-03-28T03:44:22 IST" name="test_CorrectUserName_IsDisplayed" finished-at="2022-03-28T03:44:22 IST" duration-ms="94" status="PASS">
          <reporter-output>
          </reporter-output>
        </test-method> <!-- test_CorrectUserName_IsDisplayed -->
        <test-method is-config="true" signature="tearDown()[pri:0, instance:com.bookswagon.qa.testcases.HomePageTest@4278284b]" started-at="2022-03-28T03:44:22 IST" name="tearDown" finished-at="2022-03-28T03:44:22 IST" duration-ms="789" status="PASS">
          <reporter-output>
          </reporter-output>
        </test-method> <!-- tearDown -->
        <test-method is-config="true" signature="setUp()[pri:0, instance:com.bookswagon.qa.testcases.HomePageTest@4278284b]" started-at="2022-03-28T03:44:22 IST" name="setUp" finished-at="2022-03-28T03:44:28 IST" duration-ms="5468" status="PASS">
          <reporter-output>
          </reporter-output>
        </test-method> <!-- setUp -->
        <test-method signature="test_ClickOn_Books()[pri:3, instance:com.bookswagon.qa.testcases.HomePageTest@4278284b]" started-at="2022-03-28T03:44:28 IST" name="test_ClickOn_Books" finished-at="2022-03-28T03:44:28 IST" duration-ms="131" status="PASS">
          <reporter-output>
          </reporter-output>
        </test-method> <!-- test_ClickOn_Books -->
        <test-method is-config="true" signature="tearDown()[pri:0, instance:com.bookswagon.qa.testcases.HomePageTest@4278284b]" started-at="2022-03-28T03:44:28 IST" name="tearDown" finished-at="2022-03-28T03:44:29 IST" duration-ms="772" status="PASS">
          <reporter-output>
          </reporter-output>
        </test-method> <!-- tearDown -->
        <test-method is-config="true" signature="setUp()[pri:0, instance:com.bookswagon.qa.testcases.HomePageTest@4278284b]" started-at="2022-03-28T03:44:29 IST" name="setUp" finished-at="2022-03-28T03:44:34 IST" duration-ms="5061" status="PASS">
          <reporter-output>
          </reporter-output>
        </test-method> <!-- setUp -->
        <test-method signature="test_ClickOn_NewArrivals()[pri:4, instance:com.bookswagon.qa.testcases.HomePageTest@4278284b]" started-at="2022-03-28T03:44:34 IST" name="test_ClickOn_NewArrivals" finished-at="2022-03-28T03:44:35 IST" duration-ms="716" status="PASS">
          <reporter-output>
          </reporter-output>
        </test-method> <!-- test_ClickOn_NewArrivals -->
        <test-method is-config="true" signature="tearDown()[pri:0, instance:com.bookswagon.qa.testcases.HomePageTest@4278284b]" started-at="2022-03-28T03:44:35 IST" name="tearDown" finished-at="2022-03-28T03:44:35 IST" duration-ms="793" status="PASS">
          <reporter-output>
          </reporter-output>
        </test-method> <!-- tearDown -->
        <test-method is-config="true" signature="setUp()[pri:0, instance:com.bookswagon.qa.testcases.HomePageTest@4278284b]" started-at="2022-03-28T03:44:35 IST" name="setUp" finished-at="2022-03-28T03:44:41 IST" duration-ms="5232" status="PASS">
          <reporter-output>
          </reporter-output>
        </test-method> <!-- setUp -->
        <test-method signature="test_ClickOn_PreOrder()[pri:5, instance:com.bookswagon.qa.testcases.HomePageTest@4278284b]" started-at="2022-03-28T03:44:41 IST" name="test_ClickOn_PreOrder" finished-at="2022-03-28T03:44:42 IST" duration-ms="1009" status="PASS">
          <reporter-output>
          </reporter-output>
        </test-method> <!-- test_ClickOn_PreOrder -->
        <test-method is-config="true" signature="tearDown()[pri:0, instance:com.bookswagon.qa.testcases.HomePageTest@4278284b]" started-at="2022-03-28T03:44:42 IST" name="tearDown" finished-at="2022-03-28T03:44:42 IST" duration-ms="799" status="PASS">
          <reporter-output>
          </reporter-output>
        </test-method> <!-- tearDown -->
        <test-method is-config="true" signature="setUp()[pri:0, instance:com.bookswagon.qa.testcases.HomePageTest@4278284b]" started-at="2022-03-28T03:44:42 IST" name="setUp" finished-at="2022-03-28T03:44:48 IST" duration-ms="5212" status="PASS">
          <reporter-output>
          </reporter-output>
        </test-method> <!-- setUp -->
        <test-method signature="test_ClickOn_BestSeller()[pri:6, instance:com.bookswagon.qa.testcases.HomePageTest@4278284b]" started-at="2022-03-28T03:44:48 IST" name="test_ClickOn_BestSeller" finished-at="2022-03-28T03:44:48 IST" duration-ms="694" status="PASS">
          <reporter-output>
          </reporter-output>
        </test-method> <!-- test_ClickOn_BestSeller -->
        <test-method is-config="true" signature="tearDown()[pri:0, instance:com.bookswagon.qa.testcases.HomePageTest@4278284b]" started-at="2022-03-28T03:44:48 IST" name="tearDown" finished-at="2022-03-28T03:44:49 IST" duration-ms="786" status="PASS">
          <reporter-output>
          </reporter-output>
        </test-method> <!-- tearDown -->
        <test-method is-config="true" signature="setUp()[pri:0, instance:com.bookswagon.qa.testcases.HomePageTest@4278284b]" started-at="2022-03-28T03:44:49 IST" name="setUp" finished-at="2022-03-28T03:44:55 IST" duration-ms="5885" status="PASS">
          <reporter-output>
          </reporter-output>
        </test-method> <!-- setUp -->
        <test-method signature="test_ClickOn_TextBook()[pri:7, instance:com.bookswagon.qa.testcases.HomePageTest@4278284b]" started-at="2022-03-28T03:44:55 IST" name="test_ClickOn_TextBook" finished-at="2022-03-28T03:44:56 IST" duration-ms="736" status="PASS">
          <reporter-output>
          </reporter-output>
        </test-method> <!-- test_ClickOn_TextBook -->
        <test-method is-config="true" signature="tearDown()[pri:0, instance:com.bookswagon.qa.testcases.HomePageTest@4278284b]" started-at="2022-03-28T03:44:56 IST" name="tearDown" finished-at="2022-03-28T03:44:57 IST" duration-ms="798" status="PASS">
          <reporter-output>
          </reporter-output>
        </test-method> <!-- tearDown -->
        <test-method is-config="true" signature="setUp()[pri:0, instance:com.bookswagon.qa.testcases.HomePageTest@4278284b]" started-at="2022-03-28T03:44:57 IST" name="setUp" finished-at="2022-03-28T03:45:02 IST" duration-ms="5759" status="PASS">
          <reporter-output>
          </reporter-output>
        </test-method> <!-- setUp -->
        <test-method signature="test_ClickOn_AwardWinners()[pri:8, instance:com.bookswagon.qa.testcases.HomePageTest@4278284b]" started-at="2022-03-28T03:45:02 IST" name="test_ClickOn_AwardWinners" finished-at="2022-03-28T03:45:03 IST" duration-ms="993" status="PASS">
          <reporter-output>
          </reporter-output>
        </test-method> <!-- test_ClickOn_AwardWinners -->
        <test-method is-config="true" signature="tearDown()[pri:0, instance:com.bookswagon.qa.testcases.HomePageTest@4278284b]" started-at="2022-03-28T03:45:03 IST" name="tearDown" finished-at="2022-03-28T03:45:04 IST" duration-ms="770" status="PASS">
          <reporter-output>
          </reporter-output>
        </test-method> <!-- tearDown -->
        <test-method is-config="true" signature="setUp()[pri:0, instance:com.bookswagon.qa.testcases.HomePageTest@4278284b]" started-at="2022-03-28T03:45:04 IST" name="setUp" finished-at="2022-03-28T03:45:09 IST" duration-ms="5277" status="PASS">
          <reporter-output>
          </reporter-output>
        </test-method> <!-- setUp -->
        <test-method signature="test_ClickOn_FeaturedAuthors()[pri:9, instance:com.bookswagon.qa.testcases.HomePageTest@4278284b]" started-at="2022-03-28T03:45:09 IST" name="test_ClickOn_FeaturedAuthors" finished-at="2022-03-28T03:45:11 IST" duration-ms="1288" status="PASS">
          <reporter-output>
          </reporter-output>
        </test-method> <!-- test_ClickOn_FeaturedAuthors -->
        <test-method is-config="true" signature="tearDown()[pri:0, instance:com.bookswagon.qa.testcases.HomePageTest@4278284b]" started-at="2022-03-28T03:45:11 IST" name="tearDown" finished-at="2022-03-28T03:45:12 IST" duration-ms="819" status="PASS">
          <reporter-output>
          </reporter-output>
        </test-method> <!-- tearDown -->
        <test-method is-config="true" signature="setUp()[pri:0, instance:com.bookswagon.qa.testcases.HomePageTest@4278284b]" started-at="2022-03-28T03:45:12 IST" name="setUp" finished-at="2022-03-28T03:45:17 IST" duration-ms="5317" status="PASS">
          <reporter-output>
          </reporter-output>
        </test-method> <!-- setUp -->
        <test-method signature="test_ScrollUsingJSE()[pri:10, instance:com.bookswagon.qa.testcases.HomePageTest@4278284b]" started-at="2022-03-28T03:45:17 IST" name="test_ScrollUsingJSE" finished-at="2022-03-28T03:45:37 IST" duration-ms="20296" status="PASS">
          <reporter-output>
          </reporter-output>
        </test-method> <!-- test_ScrollUsingJSE -->
        <test-method is-config="true" signature="tearDown()[pri:0, instance:com.bookswagon.qa.testcases.HomePageTest@4278284b]" started-at="2022-03-28T03:45:37 IST" name="tearDown" finished-at="2022-03-28T03:45:38 IST" duration-ms="768" status="PASS">
          <reporter-output>
          </reporter-output>
        </test-method> <!-- tearDown -->
        <test-method is-config="true" signature="setUp()[pri:0, instance:com.bookswagon.qa.testcases.HomePageTest@4278284b]" started-at="2022-03-28T03:45:38 IST" name="setUp" finished-at="2022-03-28T03:45:44 IST" duration-ms="6298" status="PASS">
          <reporter-output>
          </reporter-output>
        </test-method> <!-- setUp -->
        <test-method signature="test_SelectBookByCategory()[pri:11, instance:com.bookswagon.qa.testcases.HomePageTest@4278284b]" started-at="2022-03-28T03:45:44 IST" name="test_SelectBookByCategory" finished-at="2022-03-28T03:45:45 IST" duration-ms="1219" status="PASS">
          <reporter-output>
          </reporter-output>
        </test-method> <!-- test_SelectBookByCategory -->
        <test-method is-config="true" signature="tearDown()[pri:0, instance:com.bookswagon.qa.testcases.HomePageTest@4278284b]" started-at="2022-03-28T03:45:45 IST" name="tearDown" finished-at="2022-03-28T03:45:46 IST" duration-ms="757" status="PASS">
          <reporter-output>
          </reporter-output>
        </test-method> <!-- tearDown -->
        <test-method is-config="true" signature="setUp()[pri:0, instance:com.bookswagon.qa.testcases.HomePageTest@4278284b]" started-at="2022-03-28T03:45:46 IST" name="setUp" finished-at="2022-03-28T03:45:52 IST" duration-ms="5451" status="PASS">
          <reporter-output>
          </reporter-output>
        </test-method> <!-- setUp -->
        <test-method signature="test_searchBookName()[pri:12, instance:com.bookswagon.qa.testcases.HomePageTest@4278284b]" started-at="2022-03-28T03:45:52 IST" name="test_searchBookName" finished-at="2022-03-28T03:45:53 IST" duration-ms="1157" status="PASS">
          <reporter-output>
          </reporter-output>
        </test-method> <!-- test_searchBookName -->
        <test-method is-config="true" signature="tearDown()[pri:0, instance:com.bookswagon.qa.testcases.HomePageTest@4278284b]" started-at="2022-03-28T03:45:53 IST" name="tearDown" finished-at="2022-03-28T03:45:54 IST" duration-ms="835" status="PASS">
          <reporter-output>
          </reporter-output>
        </test-method> <!-- tearDown -->
        <test-method is-config="true" signature="setUp()[pri:0, instance:com.bookswagon.qa.testcases.HomePageTest@4278284b]" started-at="2022-03-28T03:45:54 IST" name="setUp" finished-at="2022-03-28T03:46:02 IST" duration-ms="8677" status="PASS">
          <reporter-output>
          </reporter-output>
        </test-method> <!-- setUp -->
        <test-method signature="test_HomeButton()[pri:13, instance:com.bookswagon.qa.testcases.HomePageTest@4278284b]" started-at="2022-03-28T03:46:02 IST" name="test_HomeButton" finished-at="2022-03-28T03:46:06 IST" duration-ms="3506" status="PASS">
          <reporter-output>
          </reporter-output>
        </test-method> <!-- test_HomeButton -->
        <test-method is-config="true" signature="tearDown()[pri:0, instance:com.bookswagon.qa.testcases.HomePageTest@4278284b]" started-at="2022-03-28T03:46:06 IST" name="tearDown" finished-at="2022-03-28T03:46:08 IST" duration-ms="1710" status="PASS">
          <reporter-output>
          </reporter-output>
        </test-method> <!-- tearDown -->
      </class> <!-- com.bookswagon.qa.testcases.HomePageTest -->
      <class name="com.bookswagon.qa.testcases.OrderTest">
        <test-method is-config="true" signature="setUp()[pri:0, instance:com.bookswagon.qa.testcases.OrderTest@6057aebb]" started-at="2022-03-28T03:47:01 IST" name="setUp" finished-at="2022-03-28T03:47:06 IST" duration-ms="5427" status="PASS">
          <reporter-output>
          </reporter-output>
        </test-method> <!-- setUp -->
        <test-method signature="test_PlaceOrder()[pri:1, instance:com.bookswagon.qa.testcases.OrderTest@6057aebb]" started-at="2022-03-28T03:47:06 IST" name="test_PlaceOrder" finished-at="2022-03-28T03:47:08 IST" duration-ms="1869" status="PASS">
          <reporter-output>
          </reporter-output>
        </test-method> <!-- test_PlaceOrder -->
        <test-method is-config="true" signature="tearDown()[pri:0, instance:com.bookswagon.qa.testcases.OrderTest@6057aebb]" started-at="2022-03-28T03:47:08 IST" name="tearDown" finished-at="2022-03-28T03:47:09 IST" duration-ms="798" status="PASS">
          <reporter-output>
          </reporter-output>
        </test-method> <!-- tearDown -->
      </class> <!-- com.bookswagon.qa.testcases.OrderTest -->
      <class name="com.bookswagon.qa.testcases.LoginPageTest">
        <test-method is-config="true" signature="setUp()[pri:0, instance:com.bookswagon.qa.testcases.LoginPageTest@9573584]" started-at="2022-03-28T03:46:10 IST" name="setUp" finished-at="2022-03-28T03:46:16 IST" duration-ms="6826" status="PASS">
          <reporter-output>
          </reporter-output>
        </test-method> <!-- setUp -->
        <test-method signature="multipleLoginTest(java.lang.String,java.lang.String)[pri:0, instance:com.bookswagon.qa.testcases.LoginPageTest@9573584]" started-at="2022-03-28T03:46:16 IST" name="multipleLoginTest" data-provider="getLoginTestData" finished-at="2022-03-28T03:46:18 IST" duration-ms="1363" status="PASS">
          <params>
            <param index="0">
              <value>
                <![CDATA[rahul@gmail.com]]>
              </value>
            </param>
            <param index="1">
              <value>
                <![CDATA[rahul]]>
              </value>
            </param>
          </params>
          <reporter-output>
          </reporter-output>
        </test-method> <!-- multipleLoginTest -->
        <test-method is-config="true" signature="tearDown()[pri:0, instance:com.bookswagon.qa.testcases.LoginPageTest@9573584]" started-at="2022-03-28T03:46:18 IST" name="tearDown" finished-at="2022-03-28T03:46:18 IST" duration-ms="797" status="PASS">
          <reporter-output>
          </reporter-output>
        </test-method> <!-- tearDown -->
        <test-method is-config="true" signature="setUp()[pri:0, instance:com.bookswagon.qa.testcases.LoginPageTest@9573584]" started-at="2022-03-28T03:46:19 IST" name="setUp" finished-at="2022-03-28T03:46:23 IST" duration-ms="4189" status="PASS">
          <reporter-output>
          </reporter-output>
        </test-method> <!-- setUp -->
        <test-method signature="multipleLoginTest(java.lang.String,java.lang.String)[pri:0, instance:com.bookswagon.qa.testcases.LoginPageTest@9573584]" started-at="2022-03-28T03:46:23 IST" name="multipleLoginTest" data-provider="getLoginTestData" finished-at="2022-03-28T03:46:24 IST" duration-ms="1468" status="PASS">
          <params>
            <param index="0">
              <value>
                <![CDATA[aman@gmail.com]]>
              </value>
            </param>
            <param index="1">
              <value>
                <![CDATA[aman]]>
              </value>
            </param>
          </params>
          <reporter-output>
          </reporter-output>
        </test-method> <!-- multipleLoginTest -->
        <test-method is-config="true" signature="tearDown()[pri:0, instance:com.bookswagon.qa.testcases.LoginPageTest@9573584]" started-at="2022-03-28T03:46:24 IST" name="tearDown" finished-at="2022-03-28T03:46:25 IST" duration-ms="758" status="PASS">
          <reporter-output>
          </reporter-output>
        </test-method> <!-- tearDown -->
        <test-method is-config="true" signature="setUp()[pri:0, instance:com.bookswagon.qa.testcases.LoginPageTest@9573584]" started-at="2022-03-28T03:46:25 IST" name="setUp" finished-at="2022-03-28T03:46:28 IST" duration-ms="3512" status="PASS">
          <reporter-output>
          </reporter-output>
        </test-method> <!-- setUp -->
        <test-method signature="multipleLoginTest(java.lang.String,java.lang.String)[pri:0, instance:com.bookswagon.qa.testcases.LoginPageTest@9573584]" started-at="2022-03-28T03:46:28 IST" name="multipleLoginTest" data-provider="getLoginTestData" finished-at="2022-03-28T03:46:30 IST" duration-ms="1671" status="PASS">
          <params>
            <param index="0">
              <value>
                <![CDATA[abhi@gmail.com]]>
              </value>
            </param>
            <param index="1">
              <value>
                <![CDATA[abhi]]>
              </value>
            </param>
          </params>
          <reporter-output>
          </reporter-output>
        </test-method> <!-- multipleLoginTest -->
        <test-method is-config="true" signature="tearDown()[pri:0, instance:com.bookswagon.qa.testcases.LoginPageTest@9573584]" started-at="2022-03-28T03:46:30 IST" name="tearDown" finished-at="2022-03-28T03:46:31 IST" duration-ms="773" status="PASS">
          <reporter-output>
          </reporter-output>
        </test-method> <!-- tearDown -->
        <test-method is-config="true" signature="setUp()[pri:0, instance:com.bookswagon.qa.testcases.LoginPageTest@9573584]" started-at="2022-03-28T03:46:31 IST" name="setUp" finished-at="2022-03-28T03:46:35 IST" duration-ms="3721" status="PASS">
          <reporter-output>
          </reporter-output>
        </test-method> <!-- setUp -->
        <test-method signature="multipleLoginTest(java.lang.String,java.lang.String)[pri:0, instance:com.bookswagon.qa.testcases.LoginPageTest@9573584]" started-at="2022-03-28T03:46:35 IST" name="multipleLoginTest" data-provider="getLoginTestData" finished-at="2022-03-28T03:46:36 IST" duration-ms="1438" status="PASS">
          <params>
            <param index="0">
              <value>
                <![CDATA[xyz@gmail.com]]>
              </value>
            </param>
            <param index="1">
              <value>
                <![CDATA[xyz]]>
              </value>
            </param>
          </params>
          <reporter-output>
          </reporter-output>
        </test-method> <!-- multipleLoginTest -->
        <test-method is-config="true" signature="tearDown()[pri:0, instance:com.bookswagon.qa.testcases.LoginPageTest@9573584]" started-at="2022-03-28T03:46:36 IST" name="tearDown" finished-at="2022-03-28T03:46:37 IST" duration-ms="753" status="PASS">
          <reporter-output>
          </reporter-output>
        </test-method> <!-- tearDown -->
        <test-method is-config="true" signature="setUp()[pri:0, instance:com.bookswagon.qa.testcases.LoginPageTest@9573584]" started-at="2022-03-28T03:46:37 IST" name="setUp" finished-at="2022-03-28T03:46:40 IST" duration-ms="3557" status="PASS">
          <reporter-output>
          </reporter-output>
        </test-method> <!-- setUp -->
        <test-method signature="multipleLoginTest(java.lang.String,java.lang.String)[pri:0, instance:com.bookswagon.qa.testcases.LoginPageTest@9573584]" started-at="2022-03-28T03:46:40 IST" name="multipleLoginTest" data-provider="getLoginTestData" finished-at="2022-03-28T03:46:42 IST" duration-ms="1797" status="PASS">
          <params>
            <param index="0">
              <value>
                <![CDATA[navn0306@gmail.com]]>
              </value>
            </param>
            <param index="1">
              <value>
                <![CDATA[Nav@123]]>
              </value>
            </param>
          </params>
          <reporter-output>
          </reporter-output>
        </test-method> <!-- multipleLoginTest -->
        <test-method is-config="true" signature="tearDown()[pri:0, instance:com.bookswagon.qa.testcases.LoginPageTest@9573584]" started-at="2022-03-28T03:46:42 IST" name="tearDown" finished-at="2022-03-28T03:46:43 IST" duration-ms="783" status="PASS">
          <reporter-output>
          </reporter-output>
        </test-method> <!-- tearDown -->
        <test-method is-config="true" signature="setUp()[pri:0, instance:com.bookswagon.qa.testcases.LoginPageTest@9573584]" started-at="2022-03-28T03:46:43 IST" name="setUp" finished-at="2022-03-28T03:46:47 IST" duration-ms="3749" status="PASS">
          <reporter-output>
          </reporter-output>
        </test-method> <!-- setUp -->
        <test-method signature="testLogin()[pri:0, instance:com.bookswagon.qa.testcases.LoginPageTest@9573584]" started-at="2022-03-28T03:46:47 IST" name="testLogin" finished-at="2022-03-28T03:46:48 IST" duration-ms="1481" status="PASS">
          <reporter-output>
          </reporter-output>
        </test-method> <!-- testLogin -->
        <test-method is-config="true" signature="tearDown()[pri:0, instance:com.bookswagon.qa.testcases.LoginPageTest@9573584]" started-at="2022-03-28T03:46:48 IST" name="tearDown" finished-at="2022-03-28T03:46:49 IST" duration-ms="780" status="PASS">
          <reporter-output>
          </reporter-output>
        </test-method> <!-- tearDown -->
        <test-method is-config="true" signature="setUp()[pri:0, instance:com.bookswagon.qa.testcases.LoginPageTest@9573584]" started-at="2022-03-28T03:46:49 IST" name="setUp" finished-at="2022-03-28T03:46:53 IST" duration-ms="3981" status="PASS">
          <reporter-output>
          </reporter-output>
        </test-method> <!-- setUp -->
        <test-method signature="testPageTitle()[pri:0, instance:com.bookswagon.qa.testcases.LoginPageTest@9573584]" started-at="2022-03-28T03:46:53 IST" name="testPageTitle" finished-at="2022-03-28T03:46:53 IST" duration-ms="11" status="PASS">
          <reporter-output>
          </reporter-output>
        </test-method> <!-- testPageTitle -->
        <test-method is-config="true" signature="tearDown()[pri:0, instance:com.bookswagon.qa.testcases.LoginPageTest@9573584]" started-at="2022-03-28T03:46:53 IST" name="tearDown" finished-at="2022-03-28T03:46:54 IST" duration-ms="744" status="PASS">
          <reporter-output>
          </reporter-output>
        </test-method> <!-- tearDown -->
      </class> <!-- com.bookswagon.qa.testcases.LoginPageTest -->
      <class name="com.bookswagon.qa.testcases.ProfileTest">
        <test-method is-config="true" signature="setUp()[pri:0, instance:com.bookswagon.qa.testcases.ProfileTest@1fd14d74]" started-at="2022-03-28T03:43:24 IST" name="setUp" finished-at="2022-03-28T03:43:32 IST" duration-ms="8467" status="PASS">
          <reporter-output>
          </reporter-output>
        </test-method> <!-- setUp -->
        <test-method signature="test_MyProfilePage()[pri:1, instance:com.bookswagon.qa.testcases.ProfileTest@1fd14d74]" started-at="2022-03-28T03:43:32 IST" name="test_MyProfilePage" finished-at="2022-03-28T03:43:33 IST" duration-ms="592" status="PASS">
          <reporter-output>
          </reporter-output>
        </test-method> <!-- test_MyProfilePage -->
        <test-method is-config="true" signature="tearDown()[pri:0, instance:com.bookswagon.qa.testcases.ProfileTest@1fd14d74]" started-at="2022-03-28T03:43:33 IST" name="tearDown" finished-at="2022-03-28T03:43:34 IST" duration-ms="772" status="PASS">
          <reporter-output>
          </reporter-output>
        </test-method> <!-- tearDown -->
        <test-method is-config="true" signature="setUp()[pri:0, instance:com.bookswagon.qa.testcases.ProfileTest@1fd14d74]" started-at="2022-03-28T03:43:34 IST" name="setUp" finished-at="2022-03-28T03:43:40 IST" duration-ms="6118" status="PASS">
          <reporter-output>
          </reporter-output>
        </test-method> <!-- setUp -->
        <test-method signature="test_MyOrdersPage()[pri:2, instance:com.bookswagon.qa.testcases.ProfileTest@1fd14d74]" started-at="2022-03-28T03:43:40 IST" name="test_MyOrdersPage" finished-at="2022-03-28T03:43:41 IST" duration-ms="767" status="PASS">
          <reporter-output>
          </reporter-output>
        </test-method> <!-- test_MyOrdersPage -->
        <test-method is-config="true" signature="tearDown()[pri:0, instance:com.bookswagon.qa.testcases.ProfileTest@1fd14d74]" started-at="2022-03-28T03:43:41 IST" name="tearDown" finished-at="2022-03-28T03:43:42 IST" duration-ms="777" status="PASS">
          <reporter-output>
          </reporter-output>
        </test-method> <!-- tearDown -->
        <test-method is-config="true" signature="setUp()[pri:0, instance:com.bookswagon.qa.testcases.ProfileTest@1fd14d74]" started-at="2022-03-28T03:43:42 IST" name="setUp" finished-at="2022-03-28T03:43:47 IST" duration-ms="5558" status="PASS">
          <reporter-output>
          </reporter-output>
        </test-method> <!-- setUp -->
        <test-method signature="test_MyWishlistPage()[pri:3, instance:com.bookswagon.qa.testcases.ProfileTest@1fd14d74]" started-at="2022-03-28T03:43:47 IST" name="test_MyWishlistPage" finished-at="2022-03-28T03:43:48 IST" duration-ms="1057" status="PASS">
          <reporter-output>
          </reporter-output>
        </test-method> <!-- test_MyWishlistPage -->
        <test-method is-config="true" signature="tearDown()[pri:0, instance:com.bookswagon.qa.testcases.ProfileTest@1fd14d74]" started-at="2022-03-28T03:43:48 IST" name="tearDown" finished-at="2022-03-28T03:43:49 IST" duration-ms="773" status="PASS">
          <reporter-output>
          </reporter-output>
        </test-method> <!-- tearDown -->
        <test-method is-config="true" signature="setUp()[pri:0, instance:com.bookswagon.qa.testcases.ProfileTest@1fd14d74]" started-at="2022-03-28T03:43:49 IST" name="setUp" finished-at="2022-03-28T03:43:55 IST" duration-ms="5516" status="PASS">
          <reporter-output>
          </reporter-output>
        </test-method> <!-- setUp -->
        <test-method signature="test_MyGiftCenterPage()[pri:4, instance:com.bookswagon.qa.testcases.ProfileTest@1fd14d74]" started-at="2022-03-28T03:43:55 IST" name="test_MyGiftCenterPage" finished-at="2022-03-28T03:43:55 IST" duration-ms="613" status="PASS">
          <reporter-output>
          </reporter-output>
        </test-method> <!-- test_MyGiftCenterPage -->
        <test-method is-config="true" signature="tearDown()[pri:0, instance:com.bookswagon.qa.testcases.ProfileTest@1fd14d74]" started-at="2022-03-28T03:43:55 IST" name="tearDown" finished-at="2022-03-28T03:43:56 IST" duration-ms="771" status="PASS">
          <reporter-output>
          </reporter-output>
        </test-method> <!-- tearDown -->
        <test-method is-config="true" signature="setUp()[pri:0, instance:com.bookswagon.qa.testcases.ProfileTest@1fd14d74]" started-at="2022-03-28T03:43:56 IST" name="setUp" finished-at="2022-03-28T03:44:02 IST" duration-ms="5637" status="PASS">
          <reporter-output>
          </reporter-output>
        </test-method> <!-- setUp -->
        <test-method signature="test_ChangeAddress()[pri:5, instance:com.bookswagon.qa.testcases.ProfileTest@1fd14d74]" started-at="2022-03-28T03:44:02 IST" name="test_ChangeAddress" finished-at="2022-03-28T03:44:02 IST" duration-ms="550" status="PASS">
          <reporter-output>
          </reporter-output>
        </test-method> <!-- test_ChangeAddress -->
        <test-method is-config="true" signature="tearDown()[pri:0, instance:com.bookswagon.qa.testcases.ProfileTest@1fd14d74]" started-at="2022-03-28T03:44:02 IST" name="tearDown" finished-at="2022-03-28T03:44:03 IST" duration-ms="767" status="PASS">
          <reporter-output>
          </reporter-output>
        </test-method> <!-- tearDown -->
        <test-method is-config="true" signature="setUp()[pri:0, instance:com.bookswagon.qa.testcases.ProfileTest@1fd14d74]" started-at="2022-03-28T03:44:03 IST" name="setUp" finished-at="2022-03-28T03:44:09 IST" duration-ms="5837" status="PASS">
          <reporter-output>
          </reporter-output>
        </test-method> <!-- setUp -->
        <test-method signature="test_ChangePwd()[pri:6, instance:com.bookswagon.qa.testcases.ProfileTest@1fd14d74]" started-at="2022-03-28T03:44:09 IST" name="test_ChangePwd" finished-at="2022-03-28T03:44:09 IST" duration-ms="579" status="PASS">
          <reporter-output>
          </reporter-output>
        </test-method> <!-- test_ChangePwd -->
        <test-method is-config="true" signature="tearDown()[pri:0, instance:com.bookswagon.qa.testcases.ProfileTest@1fd14d74]" started-at="2022-03-28T03:44:09 IST" name="tearDown" finished-at="2022-03-28T03:44:10 IST" duration-ms="816" status="PASS">
          <reporter-output>
          </reporter-output>
        </test-method> <!-- tearDown -->
      </class> <!-- com.bookswagon.qa.testcases.ProfileTest -->
    </test> <!-- Test -->
  </suite> <!-- Suite -->
</testng-results>
